     1                                  bits 32
     2                                  global start
     3                                  extern exit, fopen, fclose, scanf, fprintf
     4                                  import exit msvcrt.dll
     5                                  import fopen msvcrt.dll
     6                                  import fclose msvcrt.dll
     7                                  import scanf msvcrt.dll
     8                                  import fprintf msvcrt.dll
     9                                  segment data use32 class=data
    10                                  
    11 00000000 73657800                    b dd 'sex'
    12 00000004 73000000                    c dd 's'
    13 00000008 65780000                    e dd 'ex'
    14                                      
    15                                  segment code use32 class=code
    16                                  	start:
    17                                      
    18                                      
    19                                      
    20                                      ; Exit program
    21 00000000 6A00                    	push dword 0
    22 00000002 FF15[00000000]          	call[exit]
