     1                                  ; înmulțiri, împărțiri - a, b, c, d byte, e, f, g, h word
     2                                  ; 26. (e + g - 2 * b) / c
     3                                  
     4                                  bits 32
     5                                  global start
     6                                  extern exit
     7                                  import exit msvcrt.dll
     8                                  segment data use32 class=data
     9                                  
    10 00000000 0A00                    	e DW 10
    11 00000002 0500                        g DW 5
    12 00000004 03                          b DB 3
    13 00000005 04                          c DB 4
    14                                      
    15 00000006 02                          two DB 2
    16                                      
    17                                  segment code use32 class=code
    18                                  	start:
    19                                  	
    20 00000000 668B1D[00000000]        	mov BX, [e]; BX <- e = 10
    21 00000007 66031D[02000000]            add BX, [g]; BX <- BX + g = 10 + 5 = 15
    22                                      
    23 0000000E A0[04000000]                mov AL, [b]; AL <- b = 3
    24 00000013 F625[06000000]              mul byte [two]; AX <- AL * two = 3 * 2 = 6
    25                                      
    26 00000019 6629C3                      sub BX, AX; BX <- BX - AX = 15 - 6 = 9
    27                                      
    28 0000001C 6689D8                      mov AX, BX; AX <- BX = 9 | mutat în AX pentru a efectua împărțirea
    29 0000001F F635[05000000]              div byte [c]; AL <- AX / c = 9 / 4 = 2 (câtul) | AH <- AX % c = 9 % 4 = 1 (restul)
    30                                      
    31 00000025 6A00                    	push dword 0
    32 00000027 FF15[00000000]          	call[exit]
